# Daily Progress Log (Append-Only)

## Format: YYYY-MM-DD: Brief description

2025-10-11: Phase 1 Complete - Session state management (.ai/ directory with templates and scripts)
2025-10-11: Phase 2 In Progress - Project status split (project/ directory structure)
2025-10-11: Registered 2 NBA metrics tools (nba_win_shares, nba_box_plus_minus)
2025-10-11: Tool count: 88 → 90 registered
2025-10-10: Sprint 7 & 8 Complete - 33 ML tools implemented and tested (100% pass rate)
2025-10-10: Comprehensive tracker audit completed - verified actual counts
2025-10-09: Created master plan management system with verification guidelines
2025-10-11: Phase 2 Complete - Project status split (project/ directory with 11 focused files)
2025-10-11: Completed Phase 11 - Proactive Monitoring (4 scripts: monitor_file_sizes.sh, context_dashboard.sh, establish_baselines.sh, weekly_health_check.sh)
2025-10-11: Completed Phase 12 - Enhanced Automation (4 scripts: auto_generate_indexes.sh, auto_update_doc_map.sh, auto_archive.sh, pre-commit hook)
2025-10-11: Completed Phase 13 - Context Budget System (CONTEXT_BUDGET_GUIDE.md, track_context_budget.sh, context_budget.json)
2025-10-11: Completed Phase 14 - Emergency Procedures (CONTEXT_EMERGENCY_PROCEDURES.md, emergency_context_reduce.sh, checkpoint_session.sh)
2025-10-11: All enhancement phases (11-14) complete - 11 scripts, 3 guides, 2 configs created. System baselines established. Ready for optimization.
2025-10-11: Reorganized .ai/ directory - reduced index files, created phases.md, documented monitoring/
2025-10-11: Optimized session_start.sh - reduced current-session.md from ~1100 to ~300 tokens
2025-10-11: Session complete - .ai/ reorganized, session start optimized (175 tokens), monitoring operational
2025-10-11: Implemented quick optimization wins - archived 3 docs, split tracker, created rotation script
2025-10-11: Consolidated 3 context guides into 1 (1,482 → 606 lines, 59% reduction)
2025-10-11: Consolidated 2 file management guides into 1 (927 → 619 lines, 33% reduction)
